*******************************************************************
* Genome-wide Complex Trait Analysis (GCTA)
* version 1.93.2 beta Linux
* (C) 2010-present, Jian Yang, The University of Queensland
* Please report bugs to Jian Yang <jian.yang.qt@gmail.com>
*******************************************************************
Analysis started at 18:38:20 CDT on Tue Apr 12 2022.
Hostname: christian-laptop

Accepted options:
--grm small
--reml
--pheno small_pheno.phen
--mpheno 1
--qcovar small_covars.txt
--out small_out

Note: This is a multi-thread program. You could specify the number of threads by the --thread-num option to speed up the computation if there are multiple processors in your machine.

Reading IDs of the GRM from [small.grm.id].
100 IDs read from [small.grm.id].
Reading the GRM from [small.grm.bin].
GRM for 100 individuals are included from [small.grm.bin].
Reading phenotypes from [small_pheno.phen].
There are 3 traits specified in the file [small_pheno.phen].
Trait #1 is included for analysis.
Non-missing phenotypes of 100 individuals are included from [small_pheno.phen].
Reading quantitative covariates from [small_covars.txt].
1 quantitative covariate(s) of 100 individuals read from [small_covars.txt].

1 quantitative variable(s) included as covariate(s).
100 individuals are in common in these files.

Performing  REML analysis ... (Note: may take hours depending on sample size).
100 observations, 2 fixed effect(s), and 2 variance component(s)(including residual variance).
Calculating prior values of variance components by EM-REML ...
Updated prior values: 0.474412  0.47469
logL: -52.3819
Running AI-REML algorithm ...
Iter.	logL	V(G)	V(e)	
1	-52.38	0.42949	0.51882	
2	-52.38	0.32288	0.62380	
3	-52.38	0.30008	0.64673	
4	-52.38	0.29507	0.65175	
5	-52.38	0.29397	0.65285	
6	-52.38	0.29373	0.65310	
7	-52.38	0.29367	0.65315	
8	-52.38	0.29366	0.65316	
Log-likelihood ratio converged.

Calculating the logLikelihood for the reduced model ...
(variance component 1 is dropped from the model)
Calculating prior values of variance components by EM-REML ...
Updated prior values: 0.94819
logL: -52.39101
Running AI-REML algorithm ...
Iter.	logL	V(e)	
1	-52.39	0.94817	
2	-52.39	0.94812	
Log-likelihood ratio converged.

Summary result of REML analysis:
Source	Variance	SE
V(G)	0.293662	1.503337
V(e)	0.653160	1.508503
Vp	0.946822	0.135291
V(G)/Vp	0.310156	1.588091

Sampling variance/covariance of the estimates of variance components:
2.260022e+00	-2.258650e+00	
-2.258650e+00	2.275582e+00	

Summary result of REML analysis has been saved in the file [small_out.hsq].

Analysis finished at 18:38:20 CDT on Tue Apr 12 2022
Overall computational time: 0.03 sec.
