*******************************************************************
* Genome-wide Complex Trait Analysis (GCTA)
* version 1.93.2 beta Linux
* (C) 2010-present, Jian Yang, The University of Queensland
* Please report bugs to Jian Yang <jian.yang.qt@gmail.com>
*******************************************************************
Analysis started at 18:26:08 CDT on Tue Apr 12 2022.
Hostname: christian-laptop

Options: 
 
--bfile small 
--make-grm 
--out small 

Note: GRM is computed using the SNPs on the autosome.
Reading PLINK FAM file from [small.fam]...
100 individuals to be included from FAM file.
100 individuals to be included. 100 males, 0 females, 0 unknown.
Reading PLINK BIM file from [small.bim]...
10000 SNPs to be included from BIM file(s).
Computing the genetic relationship matrix (GRM) v2 ...
Subset 1/1, no. subject 1-100
  100 samples, 10000 markers, 5050 GRM elements
IDs for the GRM file has been saved in the file [small.grm.id]
Computing GRM...
  100% finished in 0.1 sec
10000 SNPs have been processed.
  Used 10000 valid SNPs.
The GRM computation is completed.
Saving GRM...
GRM has been saved in the file [small.grm.bin]
Number of SNPs in each pair of individuals has been saved in the file [small.grm.N.bin]

Analysis finished at 18:26:08 CDT on Tue Apr 12 2022
Overall computational time: 0.08 sec.
