*******************************************************************
* Genome-wide Complex Trait Analysis (GCTA)
* version 1.93.2 beta Linux
* (C) 2010-present, Jian Yang, The University of Queensland
* Please report bugs to Jian Yang <jian.yang.qt@gmail.com>
*******************************************************************
Analysis started at 08:07:02 CDT on Fri Apr 15 2022.
Hostname: christian-laptop

Accepted options:
--grm /home/christian/Research/Stat_gen/tools/GCTA_helper/Example/small
--reml
--pheno /home/christian/Research/Stat_gen/tools/GCTA_helper/Example/small_pheno.phen
--mpheno 1
--qcovar temp_all
--out delete

Note: This is a multi-thread program. You could specify the number of threads by the --thread-num option to speed up the computation if there are multiple processors in your machine.

Reading IDs of the GRM from [/home/christian/Research/Stat_gen/tools/GCTA_helper/Example/small.grm.id].
100 IDs read from [/home/christian/Research/Stat_gen/tools/GCTA_helper/Example/small.grm.id].
Reading the GRM from [/home/christian/Research/Stat_gen/tools/GCTA_helper/Example/small.grm.bin].
GRM for 100 individuals are included from [/home/christian/Research/Stat_gen/tools/GCTA_helper/Example/small.grm.bin].
Reading phenotypes from [/home/christian/Research/Stat_gen/tools/GCTA_helper/Example/small_pheno.phen].
There are 3 traits specified in the file [/home/christian/Research/Stat_gen/tools/GCTA_helper/Example/small_pheno.phen].
Trait #1 is included for analysis.
Non-missing phenotypes of 100 individuals are included from [/home/christian/Research/Stat_gen/tools/GCTA_helper/Example/small_pheno.phen].
Reading quantitative covariates from [temp_all].
9 quantitative covariate(s) of 100 individuals read from [temp_all].

9 quantitative variable(s) included as covariate(s).
100 individuals are in common in these files.

Performing  REML analysis ... (Note: may take hours depending on sample size).
100 observations, 10 fixed effect(s), and 2 variance component(s)(including residual variance).
Calculating prior values of variance components by EM-REML ...
Updated prior values: 0.475835 0.477743
logL: -28.4983
Running AI-REML algorithm ...
Iter.	logL	V(G)	V(e)	
1	-28.50	0.09841	0.85194	
2	-28.36	0.00000	0.94856	(1 component(s) constrained)
3	-28.33	0.00000	0.94974	(1 component(s) constrained)
4	-28.33	0.00000	0.94974	(1 component(s) constrained)
5	-28.33	0.00000	0.94974	(1 component(s) constrained)
Log-likelihood ratio converged.

Calculating the logLikelihood for the reduced model ...
(variance component 1 is dropped from the model)
Calculating prior values of variance components by EM-REML ...
Updated prior values: 0.95266
logL: -28.32781
Running AI-REML algorithm ...
Iter.	logL	V(e)	
1	-28.33	0.95271	
Log-likelihood ratio converged.

Summary result of REML analysis:
Source	Variance	SE
V(G)	0.000001	1.665599
V(e)	0.949743	1.665407
Vp	0.949744	0.141488
V(G)/Vp	0.000001	1.753735

Sampling variance/covariance of the estimates of variance components:
2.774219e+00	-2.763891e+00	
-2.763891e+00	2.773581e+00	

Summary result of REML analysis has been saved in the file [delete.hsq].

Analysis finished at 08:07:02 CDT on Fri Apr 15 2022
Overall computational time: 0.03 sec.
